<?xml version="1.0" encoding="UTF-8"?>
<!-- Generated by org.testng.reporters.JUnitXMLReporter -->
<testsuite ignored="0" hostname="DESKTOP-S9ISS27" failures="0" tests="3" name="Default test" time="53.281" errors="0" timestamp="2021-11-23T09:47:25 IST">
  <testcase classname="TestNG.Framework.Data_Provider" name="Facebook_Login" time="16.751"/>
  <testcase classname="TestNG.Framework.Data_Provider" name="Facebook_Login" time="19.111"/>
  <testcase classname="TestNG.Framework.Data_Provider" name="Facebook_Login" time="17.343"/>
</testsuite> <!-- Default test -->
