<?xml version="1.0" encoding="UTF-8"?>
<testng-results ignored="0" total="3" passed="3" failed="0" skipped="0">
  <reporter-output>
  </reporter-output>
  <suite started-at="2021-11-23T09:46:32 IST" name="Default suite" finished-at="2021-11-23T09:47:25 IST" duration-ms="53281">
    <groups>
    </groups>
    <test started-at="2021-11-23T09:46:32 IST" name="Default test" finished-at="2021-11-23T09:47:25 IST" duration-ms="53281">
      <class name="TestNG.Framework.Data_Provider">
        <test-method signature="Facebook_Login(java.lang.String,java.lang.String)[pri:0, instance:TestNG.Framework.Data_Provider@24fcf36f]" started-at="2021-11-23T09:46:32 IST" name="Facebook_Login" data-provider="login_Credential" finished-at="2021-11-23T09:46:49 IST" duration-ms="16751" status="PASS">
          <params>
            <param index="0">
              <value>
                <![CDATA[asif]]>
              </value>
            </param>
            <param index="1">
              <value>
                <![CDATA[Asif@123]]>
              </value>
            </param>
          </params>
          <reporter-output>
          </reporter-output>
        </test-method> <!-- Facebook_Login -->
        <test-method signature="Facebook_Login(java.lang.String,java.lang.String)[pri:0, instance:TestNG.Framework.Data_Provider@24fcf36f]" started-at="2021-11-23T09:46:49 IST" name="Facebook_Login" data-provider="login_Credential" finished-at="2021-11-23T09:47:08 IST" duration-ms="19111" status="PASS">
          <params>
            <param index="0">
              <value>
                <![CDATA[asif1]]>
              </value>
            </param>
            <param index="1">
              <value>
                <![CDATA[Asif@123]]>
              </value>
            </param>
          </params>
          <reporter-output>
          </reporter-output>
        </test-method> <!-- Facebook_Login -->
        <test-method signature="Facebook_Login(java.lang.String,java.lang.String)[pri:0, instance:TestNG.Framework.Data_Provider@24fcf36f]" started-at="2021-11-23T09:47:08 IST" name="Facebook_Login" data-provider="login_Credential" finished-at="2021-11-23T09:47:25 IST" duration-ms="17343" status="PASS">
          <params>
            <param index="0">
              <value>
                <![CDATA[asif2]]>
              </value>
            </param>
            <param index="1">
              <value>
                <![CDATA[Asif@123]]>
              </value>
            </param>
          </params>
          <reporter-output>
          </reporter-output>
        </test-method> <!-- Facebook_Login -->
      </class> <!-- TestNG.Framework.Data_Provider -->
    </test> <!-- Default test -->
  </suite> <!-- Default suite -->
</testng-results>
